<?xml version="1.0" encoding="UTF-8"?><testrun name="LibraryTest (1)" project="DummyTesting" tests="1" started="1" failures="0" errors="1" ignored="0">
  <testsuite name="DummyTesting.LibraryTest" time="0.003">
    <testcase name="givenFirstName_WhenProper_ShouldReturnTrue" classname="DummyTesting.LibraryTest" time="0.003">
      <error>java.util.regex.PatternSyntaxException: Illegal character range near index 12&#13;
^[A-Z]{1}[a-Z]{2,}$&#13;
            ^&#13;
	at java.base/java.util.regex.Pattern.error(Pattern.java:2027)&#13;
	at java.base/java.util.regex.Pattern.range(Pattern.java:2825)&#13;
	at java.base/java.util.regex.Pattern.clazz(Pattern.java:2713)&#13;
	at java.base/java.util.regex.Pattern.sequence(Pattern.java:2138)&#13;
	at java.base/java.util.regex.Pattern.expr(Pattern.java:2068)&#13;
	at java.base/java.util.regex.Pattern.compile(Pattern.java:1782)&#13;
	at java.base/java.util.regex.Pattern.&lt;init&gt;(Pattern.java:1428)&#13;
	at java.base/java.util.regex.Pattern.compile(Pattern.java:1068)&#13;
	at DummyTesting.UserValidator.validateFirstName(UserValidator.java:18)&#13;
	at DummyTesting.LibraryTest.givenFirstName_WhenProper_ShouldReturnTrue(LibraryTest.java:14)&#13;
	at java.base/jdk.internal.reflect.NativeMethodAccessorImpl.invoke0(Native Method)&#13;
	at java.base/jdk.internal.reflect.NativeMethodAccessorImpl.invoke(NativeMethodAccessorImpl.java:62)&#13;
	at java.base/jdk.internal.reflect.DelegatingMethodAccessorImpl.invoke(DelegatingMethodAccessorImpl.java:43)&#13;
	at java.base/java.lang.reflect.Method.invoke(Method.java:566)&#13;
	at org.junit.runners.model.FrameworkMethod$1.runReflectiveCall(FrameworkMethod.java:50)&#13;
	at org.junit.internal.runners.model.ReflectiveCallable.run(ReflectiveCallable.java:12)&#13;
	at org.junit.runners.model.FrameworkMethod.invokeExplosively(FrameworkMethod.java:47)&#13;
	at org.junit.internal.runners.statements.InvokeMethod.evaluate(InvokeMethod.java:17)&#13;
	at org.junit.runners.ParentRunner.runLeaf(ParentRunner.java:325)&#13;
	at org.junit.runners.BlockJUnit4ClassRunner.runChild(BlockJUnit4ClassRunner.java:78)&#13;
	at org.junit.runners.BlockJUnit4ClassRunner.runChild(BlockJUnit4ClassRunner.java:57)&#13;
	at org.junit.runners.ParentRunner$3.run(ParentRunner.java:290)&#13;
	at org.junit.runners.ParentRunner$1.schedule(ParentRunner.java:71)&#13;
	at org.junit.runners.ParentRunner.runChildren(ParentRunner.java:288)&#13;
	at org.junit.runners.ParentRunner.access$000(ParentRunner.java:58)&#13;
	at org.junit.runners.ParentRunner$2.evaluate(ParentRunner.java:268)&#13;
	at org.junit.runners.ParentRunner.run(ParentRunner.java:363)&#13;
	at org.eclipse.jdt.internal.junit4.runner.JUnit4TestReference.run(JUnit4TestReference.java:89)&#13;
	at org.eclipse.jdt.internal.junit.runner.TestExecution.run(TestExecution.java:41)&#13;
	at org.eclipse.jdt.internal.junit.runner.RemoteTestRunner.runTests(RemoteTestRunner.java:542)&#13;
	at org.eclipse.jdt.internal.junit.runner.RemoteTestRunner.runTests(RemoteTestRunner.java:770)&#13;
	at org.eclipse.jdt.internal.junit.runner.RemoteTestRunner.run(RemoteTestRunner.java:464)&#13;
	at org.eclipse.jdt.internal.junit.runner.RemoteTestRunner.main(RemoteTestRunner.java:210)&#13;
&#13;
</error>
    </testcase>
  </testsuite>
</testrun>
